dh_update_autotools_config
dh_auto_build
dh_prep
dh_installdirs
dh_auto_install
override_dh_install dh_install
dh_install
dh_apache2
override_dh_installdocs dh_installdocs
dh_installdocs
override_dh_installchangelogs dh_installchangelogs
dh_installchangelogs
dh_installexamples
dh_installman
override_dh_installinit dh_installinit
dh_installinit
dh_lintian
dh_perl
dh_link
dh_strip_nondeterminism
override_dh_compress dh_compress
dh_compress
dh_fixperms
dh_missing
dh_strip
dh_makeshlibs
dh_shlibdeps
dh_installdeb
dh_gencontrol
dh_md5sums
dh_builddeb
